C:\Bhavana\Angular4\Angular_Customer_Management_App With Routing\Angular_Customer_Management_App\Model\Customer.js
C:\Bhavana\Angular4\Angular_Customer_Management_App With Routing\Angular_Customer_Management_App\Model\Customer.js.map
C:\Bhavana\Angular4\Angular_Customer_Management_App With Routing\Angular_Customer_Management_App\Model\Country.js
C:\Bhavana\Angular4\Angular_Customer_Management_App With Routing\Angular_Customer_Management_App\Model\Country.js.map
C:\Bhavana\Angular4\Angular_Customer_Management_App With Routing\Angular_Customer_Management_App\Model\State.js
C:\Bhavana\Angular4\Angular_Customer_Management_App With Routing\Angular_Customer_Management_App\Model\State.js.map
C:\Bhavana\Angular4\Angular_Customer_Management_App With Routing\Angular_Customer_Management_App\Model\LoyalCustomer.js
C:\Bhavana\Angular4\Angular_Customer_Management_App With Routing\Angular_Customer_Management_App\Model\LoyalCustomer.js.map
C:\Bhavana\Angular4\Angular_Customer_Management_App With Routing\Angular_Customer_Management_App\Service\FactoryCustomer.js
C:\Bhavana\Angular4\Angular_Customer_Management_App With Routing\Angular_Customer_Management_App\Service\FactoryCustomer.js.map
C:\Bhavana\Angular4\Angular_Customer_Management_App With Routing\Angular_Customer_Management_App\Service\CountryStateService.js
C:\Bhavana\Angular4\Angular_Customer_Management_App With Routing\Angular_Customer_Management_App\Service\CountryStateService.js.map
C:\Bhavana\Angular4\Angular_Customer_Management_App With Routing\Angular_Customer_Management_App\Component\CustomerComponent.js
C:\Bhavana\Angular4\Angular_Customer_Management_App With Routing\Angular_Customer_Management_App\Component\CustomerComponent.js.map
C:\Bhavana\Angular4\Angular_Customer_Management_App With Routing\Angular_Customer_Management_App\Component\GridComponent.js
C:\Bhavana\Angular4\Angular_Customer_Management_App With Routing\Angular_Customer_Management_App\Component\GridComponent.js.map
C:\Bhavana\Angular4\Angular_Customer_Management_App With Routing\Angular_Customer_Management_App\Pipes\ReverseStringPipe.js
C:\Bhavana\Angular4\Angular_Customer_Management_App With Routing\Angular_Customer_Management_App\Pipes\ReverseStringPipe.js.map
C:\Bhavana\Angular4\Angular_Customer_Management_App With Routing\Angular_Customer_Management_App\Component\SupplierComponent.js
C:\Bhavana\Angular4\Angular_Customer_Management_App With Routing\Angular_Customer_Management_App\Component\SupplierComponent.js.map
C:\Bhavana\Angular4\Angular_Customer_Management_App With Routing\Angular_Customer_Management_App\Component\WelcomeComponent.js
C:\Bhavana\Angular4\Angular_Customer_Management_App With Routing\Angular_Customer_Management_App\Component\WelcomeComponent.js.map
C:\Bhavana\Angular4\Angular_Customer_Management_App With Routing\Angular_Customer_Management_App\Component\MasterPageComponent.js
C:\Bhavana\Angular4\Angular_Customer_Management_App With Routing\Angular_Customer_Management_App\Component\MasterPageComponent.js.map
C:\Bhavana\Angular4\Angular_Customer_Management_App With Routing\Angular_Customer_Management_App\Component\CustomerInfoComponent.js
C:\Bhavana\Angular4\Angular_Customer_Management_App With Routing\Angular_Customer_Management_App\Component\CustomerInfoComponent.js.map
C:\Bhavana\Angular4\Angular_Customer_Management_App With Routing\Angular_Customer_Management_App\Component\JQueryComponent.js
C:\Bhavana\Angular4\Angular_Customer_Management_App With Routing\Angular_Customer_Management_App\Component\JQueryComponent.js.map
C:\Bhavana\Angular4\Angular_Customer_Management_App With Routing\Angular_Customer_Management_App\Routing\MainRoute.js
C:\Bhavana\Angular4\Angular_Customer_Management_App With Routing\Angular_Customer_Management_App\Routing\MainRoute.js.map
C:\Bhavana\Angular4\Angular_Customer_Management_App With Routing\Angular_Customer_Management_App\Module\MainModule.js
C:\Bhavana\Angular4\Angular_Customer_Management_App With Routing\Angular_Customer_Management_App\Module\MainModule.js.map
C:\Bhavana\Angular4\Angular_Customer_Management_App With Routing\Angular_Customer_Management_App\Startup\Startup.js
C:\Bhavana\Angular4\Angular_Customer_Management_App With Routing\Angular_Customer_Management_App\Startup\Startup.js.map
